<?xml version="1.0" encoding="UTF-8"?>
<!-- Generated by org.testng.reporters.JUnitReportReporter -->
<testsuite skipped="0" hostname="PC257863" name="KFCSAMavenProject.Run.TC_03" tests="2" failures="0" timestamp="09 Feb 2019 14:02:27 GMT" time="106.212" errors="0">
  <testcase name="validateInvalidLoginWithIncorrectPassword" time="44.624" classname="KFCSAMavenProject.Run.TC_03"/>
  <testcase name="validateInvalidLoginWithIncorrectEmailId" time="61.588" classname="KFCSAMavenProject.Run.TC_03"/>
</testsuite> <!-- KFCSAMavenProject.Run.TC_03 -->
