<?xml version="1.0" encoding="UTF-8"?>
<!-- Generated by org.testng.reporters.JUnitReportReporter -->
<testsuite skipped="0" hostname="PC257863" name="KFCSAMavenProject.Run.NewTest" tests="1" failures="0" timestamp="08 Feb 2019 16:39:29 GMT" time="20.411" errors="0">
  <testcase name="openGoogle" time="20.411" classname="KFCSAMavenProject.Run.NewTest"/>
</testsuite> <!-- KFCSAMavenProject.Run.NewTest -->
