<?xml version="1.0" encoding="UTF-8"?>
<!-- Generated by org.testng.reporters.JUnitReportReporter -->
<testsuite skipped="0" hostname="PC257863" name="KFCSAMavenProject.Run.TC_02" tests="1" failures="0" timestamp="09 Feb 2019 12:27:45 GMT" time="40.860" errors="0">
  <testcase name="validateLogout" time="40.860" classname="KFCSAMavenProject.Run.TC_02"/>
</testsuite> <!-- KFCSAMavenProject.Run.TC_02 -->
