<?xml version="1.0" encoding="UTF-8"?>
<!-- Generated by org.testng.reporters.JUnitReportReporter -->
<testsuite skipped="0" hostname="PC257863" name="KFCSAMavenProject.Run.TC_01" tests="1" failures="0" timestamp="11 Feb 2019 15:50:53 GMT" time="40.276" errors="0">
  <testcase name="validateLogin" time="40.276" classname="KFCSAMavenProject.Run.TC_01"/>
</testsuite> <!-- KFCSAMavenProject.Run.TC_01 -->
